<?xml version="1.0" encoding="UTF-8"?>
<!-- Generated by org.testng.reporters.JUnitReportReporter -->
<testsuite hostname="LAPTOP-NASCGQ94" failures="0" tests="1" name="testcases.HomeTest" time="4.475" errors="0" timestamp="08 Mar. 2022 19:30:57 GMT" skipped="0">
  <testcase classname="testcases.HomeTest" name="test1" time="4.475"/>
</testsuite> <!-- testcases.HomeTest -->
