<?xml version="1.0" encoding="UTF-8"?>
<!-- Generated by org.testng.reporters.JUnitReportReporter -->
<testsuite hostname="LAPTOP-NASCGQ94" failures="0" tests="4" name="testcases.LoginTest" time="40.368" errors="0" timestamp="13 Mar. 2022 03:52:10 GMT" skipped="0">
  <testcase classname="testcases.LoginTest" name="ParameterizedTest" time="8.950"/>
  <testcase classname="testcases.LoginTest" name="LoginSuccessTest" time="12.856"/>
  <testcase classname="testcases.LoginTest" name="ExternalDataTest" time="9.170"/>
  <testcase classname="testcases.LoginTest" name="LoginFailureTest" time="9.392"/>
</testsuite> <!-- testcases.LoginTest -->
