<?xml version="1.0" encoding="UTF-8"?>
<!-- Generated by org.testng.reporters.JUnitReportReporter -->
<testsuite hostname="LAPTOP-NASCGQ94" failures="0" tests="4" name="testcases.LoginTest" time="46.599" errors="0" timestamp="19 Mar. 2022 04:12:24 GMT" skipped="0">
  <testcase classname="testcases.LoginTest" name="LoginSuccessTest" time="15.697"/>
  <testcase classname="testcases.LoginTest" name="ParameterizedTest" time="9.934"/>
  <testcase classname="testcases.LoginTest" name="ExternalDataTest" time="11.391"/>
  <testcase classname="testcases.LoginTest" name="LoginFailureTest" time="9.577"/>
</testsuite> <!-- testcases.LoginTest -->
